<?xml version="1.0" encoding="UTF-8"?>
<robot generator="Robot 6.0.2 (Python 3.9.7 on win32)" generated="20230214 11:14:19.590" rpa="false" schemaversion="3">
<suite id="s1" name="DbTest" source="C:\Users\i\Desktop\robotFramework\test1\Tests\TestFacebook\DbTest.robot">
<kw name="Connect To Database" library="DatabaseLibrary" type="SETUP">
<arg>pymysql</arg>
<arg>${DBName}</arg>
<arg>${DBUser}</arg>
<arg>${DBPassw}</arg>
<arg>${DBHost}</arg>
<arg>${DBPort}</arg>
<doc>Loads the DB API 2.0 module given `dbapiModuleName` then uses it to
connect to the database using `dbName`, `dbUsername`, and `dbPassword`.</doc>
<msg timestamp="20230214 11:14:20.054" level="INFO">Connecting using : pymysql.connect(db=test, user=root, passwd=, host=localhost, port=3306, charset=None) </msg>
<status status="PASS" starttime="20230214 11:14:20.023" endtime="20230214 11:14:20.073"/>
</kw>
<test id="s1-t1" name="login test" line="20">
<kw name="Open the browser">
<kw name="Open Browser" library="SeleniumLibrary">
<arg>${url}</arg>
<arg>${Browser}</arg>
<doc>Opens a new browser instance to the optional ``url``.</doc>
<msg timestamp="20230214 11:14:20.076" level="INFO">Opening browser 'Chrome' to base url 'https://www.facebook.com'.</msg>
<status status="PASS" starttime="20230214 11:14:20.075" endtime="20230214 11:14:23.808"/>
</kw>
<kw name="Maximize Browser Window" library="SeleniumLibrary">
<doc>Maximizes current browser window.</doc>
<status status="PASS" starttime="20230214 11:14:23.809" endtime="20230214 11:14:23.936"/>
</kw>
<status status="PASS" starttime="20230214 11:14:20.075" endtime="20230214 11:14:23.937"/>
</kw>
<kw name="Query" library="DatabaseLibrary">
<var>@{data}</var>
<arg>select * from compte</arg>
<doc>Uses the input `selectStatement` to query for the values that will be returned as a list of tuples. Set optional
input `sansTran` to True to run command without an explicit transaction commit or rollback.
Set optional input `returnAsDict` to True to return values as a list of dictionaries.</doc>
<msg timestamp="20230214 11:14:23.939" level="INFO">Executing : Query  |  select * from compte </msg>
<msg timestamp="20230214 11:14:23.986" level="INFO">@{data} = [ (1, 'ghizlane', 'ghizlane') | (2, '0672732422', 'jijitabl') ]</msg>
<status status="PASS" starttime="20230214 11:14:23.938" endtime="20230214 11:14:23.986"/>
</kw>
<for flavor="IN">
<var>${d}</var>
<value>@{data}</value>
<iter>
<var name="${d}">(1, 'ghizlane', 'ghizlane')</var>
<kw name="Input Text" library="SeleniumLibrary">
<arg>id=email</arg>
<arg>${d}[1]</arg>
<doc>Types the given ``text`` into the text field identified by ``locator``.</doc>
<msg timestamp="20230214 11:14:23.990" level="INFO">Typing text 'ghizlane' into text field 'id=email'.</msg>
<status status="PASS" starttime="20230214 11:14:23.989" endtime="20230214 11:14:24.142"/>
</kw>
<kw name="Input Text" library="SeleniumLibrary">
<arg>id=pass</arg>
<arg>${d}[2]</arg>
<doc>Types the given ``text`` into the text field identified by ``locator``.</doc>
<msg timestamp="20230214 11:14:24.143" level="INFO">Typing text 'ghizlane' into text field 'id=pass'.</msg>
<status status="PASS" starttime="20230214 11:14:24.142" endtime="20230214 11:14:24.264"/>
</kw>
<kw name="Click Button" library="SeleniumLibrary">
<arg>name=login</arg>
<doc>Clicks the button identified by ``locator``.</doc>
<msg timestamp="20230214 11:14:24.264" level="INFO">Clicking button 'name=login'.</msg>
<status status="PASS" starttime="20230214 11:14:24.264" endtime="20230214 11:14:24.325"/>
</kw>
<kw name="Run Keyword And Return Status" library="BuiltIn">
<var>${value}</var>
<arg>page should contain element</arg>
<arg>class=x1b0d499</arg>
<doc>Runs the given keyword with given arguments and returns the status as a Boolean value.</doc>
<kw name="Page Should Contain Element" library="SeleniumLibrary">
<arg>class=x1b0d499</arg>
<doc>Verifies that element ``locator`` is found on the current page.</doc>
<msg timestamp="20230214 11:14:32.416" level="INFO" html="true">&lt;/td&gt;&lt;/tr&gt;&lt;tr&gt;&lt;td colspan="3"&gt;&lt;a href="selenium-screenshot-24.png"&gt;&lt;img src="selenium-screenshot-24.png" width="800px"&gt;&lt;/a&gt;</msg>
<msg timestamp="20230214 11:14:32.416" level="FAIL">Page should have contained element 'class=x1b0d499' but did not.</msg>
<status status="FAIL" starttime="20230214 11:14:24.325" endtime="20230214 11:14:32.434"/>
</kw>
<msg timestamp="20230214 11:14:32.434" level="INFO">${value} = False</msg>
<status status="PASS" starttime="20230214 11:14:24.325" endtime="20230214 11:14:32.434"/>
</kw>
<kw name="Log To Console" library="BuiltIn">
<arg>${value}</arg>
<doc>Logs the given message to the console.</doc>
<status status="PASS" starttime="20230214 11:14:32.434" endtime="20230214 11:14:32.436"/>
</kw>
<kw name="Run Keyword If" library="BuiltIn">
<arg>'${value}' == 'FAIL'</arg>
<arg>failed key</arg>
<arg>ELSE</arg>
<arg>success key</arg>
<doc>Runs the given keyword with the given arguments, if ``condition`` is true.</doc>
<kw name="success key">
<kw name="Log To Console" library="BuiltIn">
<arg>${success}</arg>
<doc>Logs the given message to the console.</doc>
<status status="PASS" starttime="20230214 11:14:32.438" endtime="20230214 11:14:32.443"/>
</kw>
<status status="PASS" starttime="20230214 11:14:32.437" endtime="20230214 11:14:32.443"/>
</kw>
<status status="PASS" starttime="20230214 11:14:32.436" endtime="20230214 11:14:32.443"/>
</kw>
<status status="PASS" starttime="20230214 11:14:23.988" endtime="20230214 11:14:32.443"/>
</iter>
<iter>
<var name="${d}">(2, '0672732422', 'jijitabl')</var>
<kw name="Input Text" library="SeleniumLibrary">
<arg>id=email</arg>
<arg>${d}[1]</arg>
<doc>Types the given ``text`` into the text field identified by ``locator``.</doc>
<msg timestamp="20230214 11:14:32.444" level="INFO">Typing text '0672732422' into text field 'id=email'.</msg>
<status status="PASS" starttime="20230214 11:14:32.443" endtime="20230214 11:14:32.605"/>
</kw>
<kw name="Input Text" library="SeleniumLibrary">
<arg>id=pass</arg>
<arg>${d}[2]</arg>
<doc>Types the given ``text`` into the text field identified by ``locator``.</doc>
<msg timestamp="20230214 11:14:32.606" level="INFO">Typing text 'jijitabl' into text field 'id=pass'.</msg>
<status status="PASS" starttime="20230214 11:14:32.605" endtime="20230214 11:14:32.762"/>
</kw>
<kw name="Click Button" library="SeleniumLibrary">
<arg>name=login</arg>
<doc>Clicks the button identified by ``locator``.</doc>
<msg timestamp="20230214 11:14:32.763" level="INFO">Clicking button 'name=login'.</msg>
<status status="PASS" starttime="20230214 11:14:32.762" endtime="20230214 11:14:32.848"/>
</kw>
<kw name="Run Keyword And Return Status" library="BuiltIn">
<var>${value}</var>
<arg>page should contain element</arg>
<arg>class=x1b0d499</arg>
<doc>Runs the given keyword with given arguments and returns the status as a Boolean value.</doc>
<kw name="Page Should Contain Element" library="SeleniumLibrary">
<arg>class=x1b0d499</arg>
<doc>Verifies that element ``locator`` is found on the current page.</doc>
<msg timestamp="20230214 11:14:41.403" level="INFO" html="true">&lt;/td&gt;&lt;/tr&gt;&lt;tr&gt;&lt;td colspan="3"&gt;&lt;a href="selenium-screenshot-25.png"&gt;&lt;img src="selenium-screenshot-25.png" width="800px"&gt;&lt;/a&gt;</msg>
<msg timestamp="20230214 11:14:41.403" level="FAIL">Page should have contained element 'class=x1b0d499' but did not.</msg>
<status status="FAIL" starttime="20230214 11:14:32.849" endtime="20230214 11:14:41.404"/>
</kw>
<msg timestamp="20230214 11:14:41.404" level="INFO">${value} = False</msg>
<status status="PASS" starttime="20230214 11:14:32.848" endtime="20230214 11:14:41.404"/>
</kw>
<kw name="Log To Console" library="BuiltIn">
<arg>${value}</arg>
<doc>Logs the given message to the console.</doc>
<status status="PASS" starttime="20230214 11:14:41.404" endtime="20230214 11:14:41.405"/>
</kw>
<kw name="Run Keyword If" library="BuiltIn">
<arg>'${value}' == 'FAIL'</arg>
<arg>failed key</arg>
<arg>ELSE</arg>
<arg>success key</arg>
<doc>Runs the given keyword with the given arguments, if ``condition`` is true.</doc>
<kw name="success key">
<kw name="Log To Console" library="BuiltIn">
<arg>${success}</arg>
<doc>Logs the given message to the console.</doc>
<status status="PASS" starttime="20230214 11:14:41.406" endtime="20230214 11:14:41.407"/>
</kw>
<status status="PASS" starttime="20230214 11:14:41.405" endtime="20230214 11:14:41.407"/>
</kw>
<status status="PASS" starttime="20230214 11:14:41.405" endtime="20230214 11:14:41.407"/>
</kw>
<status status="PASS" starttime="20230214 11:14:32.443" endtime="20230214 11:14:41.407"/>
</iter>
<status status="PASS" starttime="20230214 11:14:23.987" endtime="20230214 11:14:41.407"/>
</for>
<kw name="Close the browser">
<kw name="Close Browser" library="SeleniumLibrary">
<doc>Closes the current browser.</doc>
<status status="PASS" starttime="20230214 11:14:41.408" endtime="20230214 11:14:43.708"/>
</kw>
<status status="PASS" starttime="20230214 11:14:41.408" endtime="20230214 11:14:43.708"/>
</kw>
<tag>3</tag>
<status status="PASS" starttime="20230214 11:14:20.073" endtime="20230214 11:14:43.709"/>
</test>
<kw name="Disconnect From Database" library="DatabaseLibrary" type="TEARDOWN">
<doc>Disconnects from the database.</doc>
<msg timestamp="20230214 11:14:43.711" level="INFO">Executing : Disconnect From Database</msg>
<status status="PASS" starttime="20230214 11:14:43.710" endtime="20230214 11:14:43.711"/>
</kw>
<status status="PASS" starttime="20230214 11:14:19.592" endtime="20230214 11:14:43.711"/>
</suite>
<statistics>
<total>
<stat pass="1" fail="0" skip="0">All Tests</stat>
</total>
<tag>
<stat pass="1" fail="0" skip="0">3</stat>
</tag>
<suite>
<stat pass="1" fail="0" skip="0" id="s1" name="DbTest">DbTest</stat>
</suite>
</statistics>
<errors>
</errors>
</robot>
